{
  "stats": {
    "suites": 1,
    "tests": 1,
    "passes": 1,
    "pending": 0,
    "failures": 0,
    "start": "2020-04-27T01:31:52.554Z",
    "end": "2020-04-27T01:32:04.231Z",
    "duration": 11677,
    "testsRegistered": 1,
    "passPercent": 100,
    "pendingPercent": 0,
    "other": 0,
    "hasOther": false,
    "skipped": 0,
    "hasSkipped": false,
    "passPercentClass": "success",
    "pendingPercentClass": "danger"
  },
  "suites": {
    "uuid": "d4359ad8-110a-4bb2-a4ef-ea38b8b23b6c",
    "title": "",
    "fullFile": "",
    "file": "",
    "beforeHooks": [],
    "afterHooks": [],
    "tests": [],
    "suites": [
      {
        "uuid": "d2edd202-213b-4545-85b5-c00c6713b15b",
        "title": "Users page tests",
        "fullFile": "E:\\Workspace\\node-auth-service\\testing\\selenium\\test\\users.test.js",
        "file": "\\testing\\selenium\\test\\users.test.js",
        "beforeHooks": [
          {
            "title": "\"before each\" hook",
            "fullTitle": "Users page tests \"before each\" hook",
            "timedOut": false,
            "duration": 4963,
            "pass": false,
            "fail": false,
            "pending": false,
            "code": "page = new Page();\ndriver = page.driver;\nawait page.visit('https://auth-main-node.herokuapp.com/');",
            "err": {},
            "isRoot": false,
            "uuid": "a85837c3-0307-40e4-8311-6d18114b4bc0",
            "isHook": true,
            "skipped": false
          }
        ],
        "afterHooks": [
          {
            "title": "\"after each\" hook",
            "fullTitle": "Users page tests \"after each\" hook",
            "timedOut": false,
            "duration": 0,
            "pass": false,
            "fail": false,
            "pending": false,
            "code": "//await page.quit();",
            "err": {},
            "isRoot": false,
            "uuid": "29f0fa6e-a470-4fbc-95b5-2e33f13c5825",
            "isHook": true,
            "skipped": false
          }
        ],
        "tests": [
          {
            "title": "Creates a new user",
            "fullTitle": "Users page tests Creates a new user",
            "timedOut": false,
            "duration": 6710,
            "state": "passed",
            "speed": "slow",
            "pass": true,
            "fail": false,
            "pending": false,
            "code": "await page.doLogin(\"admin\",\"admin\");\nawait page.sleep(1000)\nawait page.navigateToUsersCreateAndUpdate()\nawait page.completeCreateUserForm()\nawait page.waitForElementPresentByClassName('uk-modal uk-open')\nlet text = await page.getText(await page.findByClassName('uk-modal-body'))\nconsole.log(\"texto:\", text)\n//expect(text).to.be.equals('Usuario creado con éxito')",
            "err": {},
            "isRoot": false,
            "uuid": "feb58ec9-334f-41e8-8932-84834fc4e910",
            "isHook": false,
            "skipped": false
          }
        ],
        "suites": [],
        "passes": [
          "feb58ec9-334f-41e8-8932-84834fc4e910"
        ],
        "failures": [],
        "pending": [],
        "skipped": [],
        "duration": 6710,
        "root": false,
        "rootEmpty": false,
        "_timeout": 50000
      }
    ],
    "passes": [],
    "failures": [],
    "pending": [],
    "skipped": [],
    "duration": 0,
    "root": true,
    "rootEmpty": true,
    "_timeout": 2000
  },
  "copyrightYear": 2020
}